<?xml version="1.0" encoding="UTF-8"?>
<testng-results ignored="0" total="1" passed="1" failed="0" skipped="0">
  <reporter-output>
  </reporter-output>
  <suite started-at="2023-06-23T03:15:49 HST" name="Default suite" finished-at="2023-06-23T03:15:56 HST" duration-ms="7462">
    <groups>
    </groups>
    <test started-at="2023-06-23T03:15:49 HST" name="Default test" finished-at="2023-06-23T03:15:56 HST" duration-ms="7462">
      <class name="curs12.SeniumTest">
        <test-method signature="openBrwser()[pri:0, instance:curs12.SeniumTest@69e153c5]" started-at="2023-06-23T03:15:49 HST" name="openBrwser" finished-at="2023-06-23T03:15:56 HST" duration-ms="7323" status="PASS">
          <reporter-output>
          </reporter-output>
        </test-method> <!-- openBrwser -->
      </class> <!-- curs12.SeniumTest -->
    </test> <!-- Default test -->
  </suite> <!-- Default suite -->
</testng-results>
